<?xml version="1.0" encoding="UTF-8"?>
<testsuite xmlns:xsi="http://www.w3.org/2001/XMLSchema-instance" xsi:noNamespaceSchemaLocation="https://maven.apache.org/surefire/maven-surefire-plugin/xsd/surefire-test-report-3.0.xsd" version="3.0" name="TestSuite" time="32.999" tests="2" errors="0" skipped="0" failures="2">
  <properties>
    <property name="gopherProxySet" value="false"/>
    <property name="awt.toolkit" value="sun.lwawt.macosx.LWCToolkit"/>
    <property name="java.specification.version" value="9"/>
    <property name="file.encoding.pkg" value="sun.io"/>
    <property name="sun.cpu.isalist" value=""/>
    <property name="sun.jnu.encoding" value="UTF-8"/>
    <property name="java.class.path" value="/Users/nicholas/eclipse-workspace/AppiumE2E/target/test-classes:/Users/nicholas/eclipse-workspace/AppiumE2E/target/classes:/Users/nicholas/.m2/repository/com/github/appium/java-client/7.4.1/java-client-7.4.1.jar:/Users/nicholas/.m2/repository/org/seleniumhq/selenium/selenium-support/3.141.59/selenium-support-3.141.59.jar:/Users/nicholas/.m2/repository/org/seleniumhq/selenium/selenium-api/3.141.59/selenium-api-3.141.59.jar:/Users/nicholas/.m2/repository/com/google/code/gson/gson/2.8.6/gson-2.8.6.jar:/Users/nicholas/.m2/repository/org/apache/httpcomponents/httpclient/4.5.13/httpclient-4.5.13.jar:/Users/nicholas/.m2/repository/org/apache/httpcomponents/httpcore/4.4.13/httpcore-4.4.13.jar:/Users/nicholas/.m2/repository/commons-codec/commons-codec/1.11/commons-codec-1.11.jar:/Users/nicholas/.m2/repository/cglib/cglib/3.3.0/cglib-3.3.0.jar:/Users/nicholas/.m2/repository/org/ow2/asm/asm/7.1/asm-7.1.jar:/Users/nicholas/.m2/repository/org/springframework/spring-context/5.3.1/spring-context-5.3.1.jar:/Users/nicholas/.m2/repository/org/springframework/spring-aop/5.3.1/spring-aop-5.3.1.jar:/Users/nicholas/.m2/repository/org/springframework/spring-beans/5.3.1/spring-beans-5.3.1.jar:/Users/nicholas/.m2/repository/org/springframework/spring-core/5.3.1/spring-core-5.3.1.jar:/Users/nicholas/.m2/repository/org/springframework/spring-jcl/5.3.1/spring-jcl-5.3.1.jar:/Users/nicholas/.m2/repository/org/springframework/spring-expression/5.3.1/spring-expression-5.3.1.jar:/Users/nicholas/.m2/repository/org/aspectj/aspectjweaver/1.9.6/aspectjweaver-1.9.6.jar:/Users/nicholas/.m2/repository/org/seleniumhq/selenium/selenium-java/3.141.59/selenium-java-3.141.59.jar:/Users/nicholas/.m2/repository/org/seleniumhq/selenium/selenium-chrome-driver/3.141.59/selenium-chrome-driver-3.141.59.jar:/Users/nicholas/.m2/repository/org/seleniumhq/selenium/selenium-edge-driver/3.141.59/selenium-edge-driver-3.141.59.jar:/Users/nicholas/.m2/repository/org/seleniumhq/selenium/selenium-firefox-driver/3.141.59/selenium-firefox-driver-3.141.59.jar:/Users/nicholas/.m2/repository/org/seleniumhq/selenium/selenium-ie-driver/3.141.59/selenium-ie-driver-3.141.59.jar:/Users/nicholas/.m2/repository/org/seleniumhq/selenium/selenium-opera-driver/3.141.59/selenium-opera-driver-3.141.59.jar:/Users/nicholas/.m2/repository/org/seleniumhq/selenium/selenium-remote-driver/3.141.59/selenium-remote-driver-3.141.59.jar:/Users/nicholas/.m2/repository/org/seleniumhq/selenium/selenium-safari-driver/3.141.59/selenium-safari-driver-3.141.59.jar:/Users/nicholas/.m2/repository/net/bytebuddy/byte-buddy/1.8.15/byte-buddy-1.8.15.jar:/Users/nicholas/.m2/repository/org/apache/commons/commons-exec/1.3/commons-exec-1.3.jar:/Users/nicholas/.m2/repository/com/google/guava/guava/25.0-jre/guava-25.0-jre.jar:/Users/nicholas/.m2/repository/com/google/code/findbugs/jsr305/1.3.9/jsr305-1.3.9.jar:/Users/nicholas/.m2/repository/org/checkerframework/checker-compat-qual/2.0.0/checker-compat-qual-2.0.0.jar:/Users/nicholas/.m2/repository/com/google/errorprone/error_prone_annotations/2.1.3/error_prone_annotations-2.1.3.jar:/Users/nicholas/.m2/repository/com/google/j2objc/j2objc-annotations/1.1/j2objc-annotations-1.1.jar:/Users/nicholas/.m2/repository/org/codehaus/mojo/animal-sniffer-annotations/1.14/animal-sniffer-annotations-1.14.jar:/Users/nicholas/.m2/repository/com/squareup/okhttp3/okhttp/3.11.0/okhttp-3.11.0.jar:/Users/nicholas/.m2/repository/com/squareup/okio/okio/1.14.0/okio-1.14.0.jar:/Users/nicholas/.m2/repository/org/testng/testng/7.3.0/testng-7.3.0.jar:/Users/nicholas/.m2/repository/com/beust/jcommander/1.78/jcommander-1.78.jar:/Users/nicholas/.m2/repository/org/apache/ant/ant/1.10.3/ant-1.10.3.jar:/Users/nicholas/.m2/repository/org/apache/ant/ant-launcher/1.10.3/ant-launcher-1.10.3.jar:/Users/nicholas/.m2/repository/junit/junit/4.12/junit-4.12.jar:/Users/nicholas/.m2/repository/org/hamcrest/hamcrest-core/1.3/hamcrest-core-1.3.jar:/Users/nicholas/.m2/repository/com/google/inject/guice/4.2.2/guice-4.2.2-no_aop.jar:/Users/nicholas/.m2/repository/javax/inject/javax.inject/1/javax.inject-1.jar:/Users/nicholas/.m2/repository/aopalliance/aopalliance/1.0/aopalliance-1.0.jar:/Users/nicholas/.m2/repository/org/yaml/snakeyaml/1.21/snakeyaml-1.21.jar:/Users/nicholas/.m2/repository/org/slf4j/slf4j-simple/1.7.30/slf4j-simple-1.7.30.jar:/Users/nicholas/.m2/repository/org/slf4j/slf4j-api/1.7.30/slf4j-api-1.7.30.jar:/Users/nicholas/.m2/repository/org/apache/commons/commons-lang3/3.11/commons-lang3-3.11.jar:/Users/nicholas/.m2/repository/commons-io/commons-io/2.8.0/commons-io-2.8.0.jar:/Users/nicholas/.m2/repository/commons-validator/commons-validator/1.7/commons-validator-1.7.jar:/Users/nicholas/.m2/repository/commons-beanutils/commons-beanutils/1.9.4/commons-beanutils-1.9.4.jar:/Users/nicholas/.m2/repository/commons-digester/commons-digester/2.1/commons-digester-2.1.jar:/Users/nicholas/.m2/repository/commons-logging/commons-logging/1.2/commons-logging-1.2.jar:/Users/nicholas/.m2/repository/commons-collections/commons-collections/3.2.2/commons-collections-3.2.2.jar:"/>
    <property name="java.vm.vendor" value="Oracle Corporation"/>
    <property name="sun.arch.data.model" value="64"/>
    <property name="java.vendor.url" value="http://java.oracle.com/"/>
    <property name="user.timezone" value="America/Los_Angeles"/>
    <property name="java.vm.specification.version" value="9"/>
    <property name="os.name" value="Mac OS X"/>
    <property name="sun.java.launcher" value="SUN_STANDARD"/>
    <property name="user.country" value="US"/>
    <property name="sun.boot.library.path" value="/Users/nicholas/.jenkins/tools/hudson.model.JDK/Java_9/lib"/>
    <property name="sun.java.command" value="/Users/nicholas/eclipse-workspace/AppiumE2E/target/surefire/surefirebooter4682708289402159940.jar /Users/nicholas/eclipse-workspace/AppiumE2E/target/surefire 2021-03-02T16-41-16_568-jvmRun1 surefire13038124995637022059tmp surefire_0363758684301847977tmp"/>
    <property name="http.nonProxyHosts" value="local|*.local|169.254/16|*.169.254/16"/>
    <property name="jdk.debug" value="release"/>
    <property name="surefire.test.class.path" value="/Users/nicholas/eclipse-workspace/AppiumE2E/target/test-classes:/Users/nicholas/eclipse-workspace/AppiumE2E/target/classes:/Users/nicholas/.m2/repository/com/github/appium/java-client/7.4.1/java-client-7.4.1.jar:/Users/nicholas/.m2/repository/org/seleniumhq/selenium/selenium-support/3.141.59/selenium-support-3.141.59.jar:/Users/nicholas/.m2/repository/org/seleniumhq/selenium/selenium-api/3.141.59/selenium-api-3.141.59.jar:/Users/nicholas/.m2/repository/com/google/code/gson/gson/2.8.6/gson-2.8.6.jar:/Users/nicholas/.m2/repository/org/apache/httpcomponents/httpclient/4.5.13/httpclient-4.5.13.jar:/Users/nicholas/.m2/repository/org/apache/httpcomponents/httpcore/4.4.13/httpcore-4.4.13.jar:/Users/nicholas/.m2/repository/commons-codec/commons-codec/1.11/commons-codec-1.11.jar:/Users/nicholas/.m2/repository/cglib/cglib/3.3.0/cglib-3.3.0.jar:/Users/nicholas/.m2/repository/org/ow2/asm/asm/7.1/asm-7.1.jar:/Users/nicholas/.m2/repository/org/springframework/spring-context/5.3.1/spring-context-5.3.1.jar:/Users/nicholas/.m2/repository/org/springframework/spring-aop/5.3.1/spring-aop-5.3.1.jar:/Users/nicholas/.m2/repository/org/springframework/spring-beans/5.3.1/spring-beans-5.3.1.jar:/Users/nicholas/.m2/repository/org/springframework/spring-core/5.3.1/spring-core-5.3.1.jar:/Users/nicholas/.m2/repository/org/springframework/spring-jcl/5.3.1/spring-jcl-5.3.1.jar:/Users/nicholas/.m2/repository/org/springframework/spring-expression/5.3.1/spring-expression-5.3.1.jar:/Users/nicholas/.m2/repository/org/aspectj/aspectjweaver/1.9.6/aspectjweaver-1.9.6.jar:/Users/nicholas/.m2/repository/org/seleniumhq/selenium/selenium-java/3.141.59/selenium-java-3.141.59.jar:/Users/nicholas/.m2/repository/org/seleniumhq/selenium/selenium-chrome-driver/3.141.59/selenium-chrome-driver-3.141.59.jar:/Users/nicholas/.m2/repository/org/seleniumhq/selenium/selenium-edge-driver/3.141.59/selenium-edge-driver-3.141.59.jar:/Users/nicholas/.m2/repository/org/seleniumhq/selenium/selenium-firefox-driver/3.141.59/selenium-firefox-driver-3.141.59.jar:/Users/nicholas/.m2/repository/org/seleniumhq/selenium/selenium-ie-driver/3.141.59/selenium-ie-driver-3.141.59.jar:/Users/nicholas/.m2/repository/org/seleniumhq/selenium/selenium-opera-driver/3.141.59/selenium-opera-driver-3.141.59.jar:/Users/nicholas/.m2/repository/org/seleniumhq/selenium/selenium-remote-driver/3.141.59/selenium-remote-driver-3.141.59.jar:/Users/nicholas/.m2/repository/org/seleniumhq/selenium/selenium-safari-driver/3.141.59/selenium-safari-driver-3.141.59.jar:/Users/nicholas/.m2/repository/net/bytebuddy/byte-buddy/1.8.15/byte-buddy-1.8.15.jar:/Users/nicholas/.m2/repository/org/apache/commons/commons-exec/1.3/commons-exec-1.3.jar:/Users/nicholas/.m2/repository/com/google/guava/guava/25.0-jre/guava-25.0-jre.jar:/Users/nicholas/.m2/repository/com/google/code/findbugs/jsr305/1.3.9/jsr305-1.3.9.jar:/Users/nicholas/.m2/repository/org/checkerframework/checker-compat-qual/2.0.0/checker-compat-qual-2.0.0.jar:/Users/nicholas/.m2/repository/com/google/errorprone/error_prone_annotations/2.1.3/error_prone_annotations-2.1.3.jar:/Users/nicholas/.m2/repository/com/google/j2objc/j2objc-annotations/1.1/j2objc-annotations-1.1.jar:/Users/nicholas/.m2/repository/org/codehaus/mojo/animal-sniffer-annotations/1.14/animal-sniffer-annotations-1.14.jar:/Users/nicholas/.m2/repository/com/squareup/okhttp3/okhttp/3.11.0/okhttp-3.11.0.jar:/Users/nicholas/.m2/repository/com/squareup/okio/okio/1.14.0/okio-1.14.0.jar:/Users/nicholas/.m2/repository/org/testng/testng/7.3.0/testng-7.3.0.jar:/Users/nicholas/.m2/repository/com/beust/jcommander/1.78/jcommander-1.78.jar:/Users/nicholas/.m2/repository/org/apache/ant/ant/1.10.3/ant-1.10.3.jar:/Users/nicholas/.m2/repository/org/apache/ant/ant-launcher/1.10.3/ant-launcher-1.10.3.jar:/Users/nicholas/.m2/repository/junit/junit/4.12/junit-4.12.jar:/Users/nicholas/.m2/repository/org/hamcrest/hamcrest-core/1.3/hamcrest-core-1.3.jar:/Users/nicholas/.m2/repository/com/google/inject/guice/4.2.2/guice-4.2.2-no_aop.jar:/Users/nicholas/.m2/repository/javax/inject/javax.inject/1/javax.inject-1.jar:/Users/nicholas/.m2/repository/aopalliance/aopalliance/1.0/aopalliance-1.0.jar:/Users/nicholas/.m2/repository/org/yaml/snakeyaml/1.21/snakeyaml-1.21.jar:/Users/nicholas/.m2/repository/org/slf4j/slf4j-simple/1.7.30/slf4j-simple-1.7.30.jar:/Users/nicholas/.m2/repository/org/slf4j/slf4j-api/1.7.30/slf4j-api-1.7.30.jar:/Users/nicholas/.m2/repository/org/apache/commons/commons-lang3/3.11/commons-lang3-3.11.jar:/Users/nicholas/.m2/repository/commons-io/commons-io/2.8.0/commons-io-2.8.0.jar:/Users/nicholas/.m2/repository/commons-validator/commons-validator/1.7/commons-validator-1.7.jar:/Users/nicholas/.m2/repository/commons-beanutils/commons-beanutils/1.9.4/commons-beanutils-1.9.4.jar:/Users/nicholas/.m2/repository/commons-digester/commons-digester/2.1/commons-digester-2.1.jar:/Users/nicholas/.m2/repository/commons-logging/commons-logging/1.2/commons-logging-1.2.jar:/Users/nicholas/.m2/repository/commons-collections/commons-collections/3.2.2/commons-collections-3.2.2.jar:"/>
    <property name="sun.cpu.endian" value="little"/>
    <property name="user.home" value="/Users/nicholas"/>
    <property name="user.language" value="en"/>
    <property name="java.specification.vendor" value="Oracle Corporation"/>
    <property name="java.home" value="/Users/nicholas/.jenkins/tools/hudson.model.JDK/Java_9"/>
    <property name="file.separator" value="/"/>
    <property name="basedir" value="/Users/nicholas/eclipse-workspace/AppiumE2E"/>
    <property name="java.vm.compressedOopsMode" value="Zero based"/>
    <property name="line.separator" value="&#10;"/>
    <property name="java.specification.name" value="Java Platform API Specification"/>
    <property name="java.vm.specification.vendor" value="Oracle Corporation"/>
    <property name="java.awt.graphicsenv" value="sun.awt.CGraphicsEnvironment"/>
    <property name="surefire.real.class.path" value="/Users/nicholas/eclipse-workspace/AppiumE2E/target/surefire/surefirebooter4682708289402159940.jar"/>
    <property name="sun.management.compiler" value="HotSpot 64-Bit Tiered Compilers"/>
    <property name="ftp.nonProxyHosts" value="local|*.local|169.254/16|*.169.254/16"/>
    <property name="java.runtime.version" value="9.0.4+11"/>
    <property name="user.name" value="nicholas"/>
    <property name="path.separator" value=":"/>
    <property name="os.version" value="10.16"/>
    <property name="java.runtime.name" value="Java(TM) SE Runtime Environment"/>
    <property name="file.encoding" value="UTF-8"/>
    <property name="java.vm.name" value="Java HotSpot(TM) 64-Bit Server VM"/>
    <property name="localRepository" value="/Users/nicholas/.m2/repository"/>
    <property name="java.vendor.url.bug" value="http://bugreport.java.com/bugreport/"/>
    <property name="java.io.tmpdir" value="/var/folders/91/439twy5d7y9fxn_6jt3qkxg00000gn/T/"/>
    <property name="java.version" value="9.0.4"/>
    <property name="user.dir" value="/Users/nicholas/eclipse-workspace/AppiumE2E"/>
    <property name="os.arch" value="x86_64"/>
    <property name="java.vm.specification.name" value="Java Virtual Machine Specification"/>
    <property name="java.awt.printerjob" value="sun.lwawt.macosx.CPrinterJob"/>
    <property name="sun.os.patch.level" value="unknown"/>
    <property name="java.library.path" value="/Users/nicholas/Library/Java/Extensions:/Library/Java/Extensions:/Network/Library/Java/Extensions:/System/Library/Java/Extensions:/usr/lib/java:."/>
    <property name="java.vm.info" value="mixed mode"/>
    <property name="java.vendor" value="Oracle Corporation"/>
    <property name="java.vm.version" value="9.0.4+11"/>
    <property name="sun.io.unicode.encoding" value="UnicodeBig"/>
    <property name="java.class.version" value="53.0"/>
    <property name="socksNonProxyHosts" value="local|*.local|169.254/16|*.169.254/16"/>
  </properties>
  <testcase name="SwitchToWebViewTest" classname="AppiumE2E.AppiumE2E.SwitchingToWebView" time="15.944">
    <failure message="Cannot run program &quot;/Users/nicholas/eclipse-workspace/AppiumE2E/resources/emulator.command&quot;: error=2, No such file or directory" type="java.io.IOException"><![CDATA[java.io.IOException: Cannot run program "/Users/nicholas/eclipse-workspace/AppiumE2E/resources/emulator.command": error=2, No such file or directory
	at AppiumE2E.AppiumE2E.SwitchingToWebView.SwitchToWebViewTest(SwitchingToWebView.java:33)
Caused by: java.io.IOException: error=2, No such file or directory
	at AppiumE2E.AppiumE2E.SwitchingToWebView.SwitchToWebViewTest(SwitchingToWebView.java:33)
]]></failure>
    <system-out><![CDATA[&amp#27;[35m[Appium]&amp#27;[39m Welcome to Appium v1.19.1
&amp#27;[35m[Appium]&amp#27;[39m Non-default server args:
&amp#27;[35m[Appium]&amp#27;[39m   address: 127.0.0.1
&amp#27;[35m[Appium]&amp#27;[39m Appium REST http interface listener started on 127.0.0.1:4723
]]></system-out>
  </testcase>
  <testcase name="MobileGestureTest" classname="AppiumE2E.AppiumE2E.MobileGesturesTest" time="15.198">
    <failure message="Cannot run program &quot;/Users/nicholas/eclipse-workspace/AppiumE2E/resources/emulator.command&quot;: error=2, No such file or directory" type="java.io.IOException"><![CDATA[java.io.IOException: Cannot run program "/Users/nicholas/eclipse-workspace/AppiumE2E/resources/emulator.command": error=2, No such file or directory
	at AppiumE2E.AppiumE2E.MobileGesturesTest.MobileGestureTest(MobileGesturesTest.java:32)
Caused by: java.io.IOException: error=2, No such file or directory
	at AppiumE2E.AppiumE2E.MobileGesturesTest.MobileGestureTest(MobileGesturesTest.java:32)
]]></failure>
    <system-out><![CDATA[You're a failure. SwitchToWebViewTest
&amp#27;[35m[HTTP]&amp#27;[39m &amp#27;[37m-->&amp#27;[39m &amp#27;[37mGET&amp#27;[39m &amp#27;[37m/wd/hub/status&amp#27;[39m
&amp#27;[35m[HTTP]&amp#27;[39m &amp#27;[90m{}&amp#27;[39m
[debug] &amp#27;[35m[GENERIC]&amp#27;[39m Calling AppiumDriver.getStatus() with args: []
[debug] &amp#27;[35m[GENERIC]&amp#27;[39m Responding to client with driver.getStatus() result: {"build":{"version":"1.19.1"}}
&amp#27;[35m[HTTP]&amp#27;[39m &amp#27;[37m<-- GET /wd/hub/status &amp#27;[39m&amp#27;[32m200&amp#27;[39m &amp#27;[90m34 ms - 68&amp#27;[39m
&amp#27;[35m[HTTP]&amp#27;[39m &amp#27;[90m&amp#27;[39m
&amp#27;[35m[Appium]&amp#27;[39m Welcome to Appium v1.19.1
&amp#27;[35m[Appium]&amp#27;[39m Non-default server args:
&amp#27;[35m[Appium]&amp#27;[39m   address: 127.0.0.1
&amp#27;[35m[HTTP]&amp#27;[39m Could not start REST http interface listener. The requested port may already be in use. Please make sure there is no other instance of this server running already.
Fatal Error: listen EADDRINUSE: address already in use 127.0.0.1:4723
    at Server.setupListenHandle [as _listen2] (node:net:1312:16)
    at listenInCluster (node:net:1360:12)
    at doListen (node:net:1498:7)
    at processTicksAndRejections (node:internal/process/task_queues:82:21)
]]></system-out>
  </testcase>
</testsuite>